<?xml version="1.0" encoding="UTF-8"?>
<!-- Generated by org.testng.reporters.JUnitXMLReporter -->
<testsuite hostname="Denis" name="Regression1" tests="10" failures="0" timestamp="26 May 2018 00:31:35 GMT" time="0.088" errors="0">
  <testcase name="unitTestForMatchMailTrue1" time="0.023" classname="Testgroup.TestRegExWork.AppTest"/>
  <testcase name="unitTestForMatchMail" time="0.002" classname="Testgroup.TestRegExWork.AppTest2"/>
  <testcase name="unitTestForMatchMail" time="0.002" classname="Testgroup.TestRegExWork.AppTest2"/>
  <testcase name="unitTestForMatchMail" time="0.002" classname="Testgroup.TestRegExWork.AppTest2"/>
  <testcase name="unitTestForMatchMail" time="0.002" classname="Testgroup.TestRegExWork.AppTest2"/>
  <testcase name="unitTestForMatchMail" time="0.001" classname="Testgroup.TestRegExWork.AppTest2"/>
  <testcase name="unitTestForMatchMail" time="0.002" classname="Testgroup.TestRegExWork.AppTest2"/>
  <testcase name="unitTestForMatchMail" time="0.002" classname="Testgroup.TestRegExWork.AppTest2"/>
  <testcase name="unitTestForMatchMail" time="0.002" classname="Testgroup.TestRegExWork.AppTest2"/>
  <testcase name="unitTestForMatchMail" time="0.002" classname="Testgroup.TestRegExWork.AppTest2"/>
</testsuite> <!-- Regression1 -->
