<?xml version="1.0" encoding="UTF-8"?>
<!-- Generated by org.testng.reporters.JUnitXMLReporter -->
<testsuite hostname="Denis" name="Default test" tests="9" failures="0" timestamp="26 May 2018 00:23:25 GMT" time="0.08" errors="0">
  <testcase name="unitTestForMatchMail" time="0.021" classname="Testgroup.TestRegExWork.AppTest2"/>
  <testcase name="unitTestForMatchMail" time="0.002" classname="Testgroup.TestRegExWork.AppTest2"/>
  <testcase name="unitTestForMatchMail" time="0.002" classname="Testgroup.TestRegExWork.AppTest2"/>
  <testcase name="unitTestForMatchMail" time="0.003" classname="Testgroup.TestRegExWork.AppTest2"/>
  <testcase name="unitTestForMatchMail" time="0.003" classname="Testgroup.TestRegExWork.AppTest2"/>
  <testcase name="unitTestForMatchMail" time="0.002" classname="Testgroup.TestRegExWork.AppTest2"/>
  <testcase name="unitTestForMatchMail" time="0.002" classname="Testgroup.TestRegExWork.AppTest2"/>
  <testcase name="unitTestForMatchMail" time="0.002" classname="Testgroup.TestRegExWork.AppTest2"/>
  <testcase name="unitTestForMatchMail" time="0.002" classname="Testgroup.TestRegExWork.AppTest2"/>
</testsuite> <!-- Default test -->
