<?xml version="1.0" encoding="UTF-8"?>
<testng-results skipped="0" failed="0" total="10" passed="10">
  <reporter-output>
  </reporter-output>
  <suite name="Suite1" duration-ms="88" started-at="2018-05-26T00:31:35Z" finished-at="2018-05-26T00:31:35Z">
    <groups>
    </groups>
    <test name="Regression1" duration-ms="88" started-at="2018-05-26T00:31:35Z" finished-at="2018-05-26T00:31:35Z">
      <class name="Testgroup.TestRegExWork.AppTest2">
        <test-method status="PASS" signature="unitTestForMatchMail(java.lang.String, java.lang.Boolean)[pri:0, instance:Testgroup.TestRegExWork.AppTest2@2344fc66]" name="unitTestForMatchMail" duration-ms="2" started-at="2018-05-26T03:31:35Z" data-provider="emails" finished-at="2018-05-26T03:31:35Z">
          <params>
            <param index="0">
              <value>
                <![CDATA[email1@gmail.com]]>
              </value>
            </param>
            <param index="1">
              <value>
                <![CDATA[true]]>
              </value>
            </param>
          </params>
          <reporter-output>
          </reporter-output>
        </test-method> <!-- unitTestForMatchMail -->
        <test-method status="PASS" signature="unitTestForMatchMail(java.lang.String, java.lang.Boolean)[pri:0, instance:Testgroup.TestRegExWork.AppTest2@2344fc66]" name="unitTestForMatchMail" duration-ms="2" started-at="2018-05-26T03:31:35Z" data-provider="emails" finished-at="2018-05-26T03:31:35Z">
          <params>
            <param index="0">
              <value>
                <![CDATA[email1@gmail.com,]]>
              </value>
            </param>
            <param index="1">
              <value>
                <![CDATA[true]]>
              </value>
            </param>
          </params>
          <reporter-output>
          </reporter-output>
        </test-method> <!-- unitTestForMatchMail -->
        <test-method status="PASS" signature="unitTestForMatchMail(java.lang.String, java.lang.Boolean)[pri:0, instance:Testgroup.TestRegExWork.AppTest2@2344fc66]" name="unitTestForMatchMail" duration-ms="2" started-at="2018-05-26T03:31:35Z" data-provider="emails" finished-at="2018-05-26T03:31:35Z">
          <params>
            <param index="0">
              <value>
                <![CDATA[email1@gmail.com,email11111@gmail.com]]>
              </value>
            </param>
            <param index="1">
              <value>
                <![CDATA[true]]>
              </value>
            </param>
          </params>
          <reporter-output>
          </reporter-output>
        </test-method> <!-- unitTestForMatchMail -->
        <test-method status="PASS" signature="unitTestForMatchMail(java.lang.String, java.lang.Boolean)[pri:0, instance:Testgroup.TestRegExWork.AppTest2@2344fc66]" name="unitTestForMatchMail" duration-ms="2" started-at="2018-05-26T03:31:35Z" data-provider="emails" finished-at="2018-05-26T03:31:35Z">
          <params>
            <param index="0">
              <value>
                <![CDATA[ ]]>
              </value>
            </param>
            <param index="1">
              <value>
                <![CDATA[false]]>
              </value>
            </param>
          </params>
          <reporter-output>
          </reporter-output>
        </test-method> <!-- unitTestForMatchMail -->
        <test-method status="PASS" signature="unitTestForMatchMail(java.lang.String, java.lang.Boolean)[pri:0, instance:Testgroup.TestRegExWork.AppTest2@2344fc66]" name="unitTestForMatchMail" duration-ms="1" started-at="2018-05-26T03:31:35Z" data-provider="emails" finished-at="2018-05-26T03:31:35Z">
          <params>
            <param index="0">
              <value>
                <![CDATA[email1@gmail.com1]]>
              </value>
            </param>
            <param index="1">
              <value>
                <![CDATA[false]]>
              </value>
            </param>
          </params>
          <reporter-output>
          </reporter-output>
        </test-method> <!-- unitTestForMatchMail -->
        <test-method status="PASS" signature="unitTestForMatchMail(java.lang.String, java.lang.Boolean)[pri:0, instance:Testgroup.TestRegExWork.AppTest2@2344fc66]" name="unitTestForMatchMail" duration-ms="2" started-at="2018-05-26T03:31:35Z" data-provider="emails" finished-at="2018-05-26T03:31:35Z">
          <params>
            <param index="0">
              <value>
                <![CDATA[email1@gmail.co]]>
              </value>
            </param>
            <param index="1">
              <value>
                <![CDATA[false]]>
              </value>
            </param>
          </params>
          <reporter-output>
          </reporter-output>
        </test-method> <!-- unitTestForMatchMail -->
        <test-method status="PASS" signature="unitTestForMatchMail(java.lang.String, java.lang.Boolean)[pri:0, instance:Testgroup.TestRegExWork.AppTest2@2344fc66]" name="unitTestForMatchMail" duration-ms="2" started-at="2018-05-26T03:31:35Z" data-provider="emails" finished-at="2018-05-26T03:31:35Z">
          <params>
            <param index="0">
              <value>
                <![CDATA[email1@gmailcom]]>
              </value>
            </param>
            <param index="1">
              <value>
                <![CDATA[false]]>
              </value>
            </param>
          </params>
          <reporter-output>
          </reporter-output>
        </test-method> <!-- unitTestForMatchMail -->
        <test-method status="PASS" signature="unitTestForMatchMail(java.lang.String, java.lang.Boolean)[pri:0, instance:Testgroup.TestRegExWork.AppTest2@2344fc66]" name="unitTestForMatchMail" duration-ms="2" started-at="2018-05-26T03:31:35Z" data-provider="emails" finished-at="2018-05-26T03:31:35Z">
          <params>
            <param index="0">
              <value>
                <![CDATA[email1@mail.com]]>
              </value>
            </param>
            <param index="1">
              <value>
                <![CDATA[false]]>
              </value>
            </param>
          </params>
          <reporter-output>
          </reporter-output>
        </test-method> <!-- unitTestForMatchMail -->
        <test-method status="PASS" signature="unitTestForMatchMail(java.lang.String, java.lang.Boolean)[pri:0, instance:Testgroup.TestRegExWork.AppTest2@2344fc66]" name="unitTestForMatchMail" duration-ms="2" started-at="2018-05-26T03:31:35Z" data-provider="emails" finished-at="2018-05-26T03:31:35Z">
          <params>
            <param index="0">
              <value>
                <![CDATA[email1@mail.com,email1@gmail.com]]>
              </value>
            </param>
            <param index="1">
              <value>
                <![CDATA[false]]>
              </value>
            </param>
          </params>
          <reporter-output>
          </reporter-output>
        </test-method> <!-- unitTestForMatchMail -->
      </class> <!-- Testgroup.TestRegExWork.AppTest2 -->
      <class name="Testgroup.TestRegExWork.AppTest">
        <test-method status="PASS" signature="unitTestForMatchMailTrue1()[pri:0, instance:Testgroup.TestRegExWork.AppTest@4de8b406]" name="unitTestForMatchMailTrue1" duration-ms="23" started-at="2018-05-26T03:31:35Z" finished-at="2018-05-26T03:31:35Z">
          <reporter-output>
          </reporter-output>
        </test-method> <!-- unitTestForMatchMailTrue1 -->
      </class> <!-- Testgroup.TestRegExWork.AppTest -->
    </test> <!-- Regression1 -->
  </suite> <!-- Suite1 -->
</testng-results>
